<?xml version="1.0" encoding="UTF-8"?>
<!-- Generated by org.testng.reporters.JUnitReportReporter -->
<testsuite skipped="0" hostname="Spandana-PC" name="testNG.listeners.RetryTest" tests="3" failures="0" timestamp="17 Jan 2019 04:36:18 GMT" time="0.018" errors="0">
  <testcase name="test3" time="0.015" classname="testNG.listeners.RetryTest"/>
  <testcase name="test1" time="0.002" classname="testNG.listeners.RetryTest"/>
  <testcase name="test2" time="0.001" classname="testNG.listeners.RetryTest"/>
</testsuite> <!-- testNG.listeners.RetryTest -->
