<?xml version="1.0" encoding="UTF-8"?>
<!-- Generated by org.testng.reporters.JUnitReportReporter -->
<testsuite skipped="0" hostname="Spandana-PC" name="test.practice.Test2" tests="1" failures="0" timestamp="13 Feb 2019 12:00:31 GMT" time="0.011" errors="0">
  <testcase name="test1" time="0.011" classname="test.practice.Test2"/>
</testsuite> <!-- test.practice.Test2 -->
