<?xml version="1.0" encoding="UTF-8"?>
<!-- Generated by org.testng.reporters.JUnitReportReporter -->
<testsuite skipped="0" hostname="Spandana-PC" name="testNG.practice.OrderTestNG" tests="3" failures="0" timestamp="17 Jan 2019 04:39:51 GMT" time="0.016" errors="0">
  <testcase name="a" time="0.012" classname="testNG.practice.OrderTestNG"/>
  <testcase name="b" time="0.002" classname="testNG.practice.OrderTestNG"/>
  <testcase name="c" time="0.002" classname="testNG.practice.OrderTestNG"/>
</testsuite> <!-- testNG.practice.OrderTestNG -->
