<?xml version="1.0" encoding="UTF-8"?>
<!-- Generated by org.testng.reporters.JUnitReportReporter -->
<testsuite skipped="0" hostname="Spandana-PC" name="test.practice.Test1" tests="1" failures="0" timestamp="25 Jan 2019 14:13:13 GMT" time="0.010" errors="0">
  <testcase name="test1" time="0.010" classname="test.practice.Test1"/>
</testsuite> <!-- test.practice.Test1 -->
